0 info it worked if it ends with ok
1 verbose cli [ '/home/nicola/.nvm/versions/node/v0.12.9/bin/node',
1 verbose cli   '/home/nicola/.nvm/versions/node/v0.12.9/bin/npm',
1 verbose cli   'run',
1 verbose cli   'reload' ]
2 info using npm@2.14.9
3 info using node@v0.12.9
4 verbose stack Error: ENOENT, open '/home/nicola/badarguments/ru/package.json'
4 verbose stack     at Error (native)
5 verbose cwd /home/nicola/badarguments/ru
6 error Linux 4.2.0-19-generic
7 error argv "/home/nicola/.nvm/versions/node/v0.12.9/bin/node" "/home/nicola/.nvm/versions/node/v0.12.9/bin/npm" "run" "reload"
8 error node v0.12.9
9 error npm  v2.14.9
10 error path /home/nicola/badarguments/ru/package.json
11 error code ENOENT
12 error errno -2
13 error enoent ENOENT, open '/home/nicola/badarguments/ru/package.json'
13 error enoent This is most likely not a problem with npm itself
13 error enoent and is related to npm not being able to find a file.
14 verbose exit [ -2, true ]
